Arguments: 
  C:\Program Files\nodejs\node.exe C:\Users\fmman\AppData\Roaming\npm\node_modules\yarn\bin\yarn.js

PATH: 
  C:\Program Files (x86)\VMware\VMware Player\bin\;C:\Python310\Scripts\;C:\Python310\;C:\Windows\system32;C:\Windows;C:\Windows\System32\Wbem;C:\Windows\System32\WindowsPowerShell\v1.0\;C:\Windows\System32\OpenSSH\;C:\Program Files\Microsoft SQL Server\120\Tools\Binn\;C:\Program Files\Common Files\Autodesk Shared\;C:\Program Files\dotnet\;C:\ProgramData\chocolatey\bin;C:\Program Files\Git\cmd;C:\Program Files\PuTTY\;C:\Program Files\nodejs\;C:\Program Files\Docker\Docker\resources\bin;C:\ProgramData\DockerDesktop\version-bin;C:\Users\fmman\AppData\Local\Microsoft\WindowsApps;C:\Users\fmman\AppData\Local\Programs\Microsoft VS Code\bin;C:\Users\fmman\AppData\Roaming\npm

Yarn version: 
  1.22.19

Node version: 
  16.16.0

Platform: 
  win32 x64

Trace: 
  Error: ENOENT: no such file or directory, copyfile 'C:\Users\fmman\AppData\Local\Yarn\Cache\v6\npm-@ampproject-remapping-2.2.0-56c133824780de3174aed5ab6834f3026790154d-integrity\node_modules\@ampproject\remapping\LICENSE' -> 'C:\Users\fmman\web\medfasee\node_modules\@ampproject\remapping\LICENSE'

npm manifest: 
  {
    "name": "medfasee",
    "version": "1.0.0",
    "private": true,
    "description": "medfasee",
    "author": "Fábio Mantelli",
    "keywords": [
      "gatsby"
    ],
    "scripts": {
      "develop": "gatsby develop",
      "start": "gatsby develop",
      "build": "gatsby build",
      "serve": "gatsby serve",
      "clean": "gatsby clean",
      "typecheck": "tsc --noEmit"
    },
    "dependencies": {
      "gatsby": "^4.19.1",
      "react": "^18.1.0",
      "react-dom": "^18.1.0"
    },
    "devDependencies": {
      "@types/node": "^17.0.45",
      "@types/react": "^18.0.15",
      "@types/react-dom": "^18.0.6",
      "typescript": "^4.7.4"
    }
  }

yarn manifest: 
  No manifest

Lockfile: 
  No lockfile
